[90m22:53:19[0m [32mINF[0m [1mStarting ShuDL Docker Installer[0m [36menvironment=[0mdevelopment [36mport=[0m8090 [36mversion=[0m1.0.0
[90m22:53:19[0m [32mINF[0m [1mValidating Docker installation[0m
[90m22:53:19[0m [32mINF[0m [1mValidating Docker installation[0m [36mcomponent=[0mdocker-service
[90m22:53:19[0m [32mINF[0m [1mDocker validation successful[0m [36moutput=[0m"Docker: Docker version 28.3.2, build 578ccf6\n\nDocker Compose: Docker Compose version v2.38.2\n"
[GIN-debug] [WARNING] Running in "debug" mode. Switch to "release" mode in production.
 - using env:	export GIN_MODE=release
 - using code:	gin.SetMode(gin.ReleaseMode)

[GIN-debug] GET    /static/*filepath         --> github.com/gin-gonic/gin.(*RouterGroup).createStaticHandler.func1 (5 handlers)
[GIN-debug] HEAD   /static/*filepath         --> github.com/gin-gonic/gin.(*RouterGroup).createStaticHandler.func1 (5 handlers)
[GIN-debug] GET    /                         --> github.com/shudl/shudl/internal/api.(*WebHandler).ServeInstaller-fm (5 handlers)
[GIN-debug] GET    /installer                --> github.com/shudl/shudl/internal/api.(*WebHandler).ServeInstaller-fm (5 handlers)
[GIN-debug] GET    /health                   --> github.com/shudl/shudl/internal/api.(*Handler).HealthCheck-fm (5 handlers)
[GIN-debug] GET    /swagger/*any             --> github.com/swaggo/gin-swagger.CustomWrapHandler.func1 (5 handlers)
[GIN-debug] GET    /api/v1/system/validate   --> github.com/shudl/shudl/internal/api.(*Handler).ValidateDockerInstallation-fm (5 handlers)
[GIN-debug] POST   /api/v1/docker/start      --> github.com/shudl/shudl/internal/api.(*Handler).StartServices-fm (5 handlers)
[GIN-debug] POST   /api/v1/docker/stop       --> github.com/shudl/shudl/internal/api.(*Handler).StopServices-fm (5 handlers)
[GIN-debug] POST   /api/v1/docker/restart    --> github.com/shudl/shudl/internal/api.(*Handler).RestartServices-fm (5 handlers)
[GIN-debug] POST   /api/v1/docker/cleanup    --> github.com/shudl/shudl/internal/api.(*Handler).CleanupServices-fm (5 handlers)
[GIN-debug] GET    /api/v1/docker/status     --> github.com/shudl/shudl/internal/api.(*Handler).GetServicesStatus-fm (5 handlers)
[GIN-debug] GET    /api/v1/compose/services  --> github.com/shudl/shudl/internal/api.(*ComposeHandler).GetAvailableServices-fm (5 handlers)
[GIN-debug] GET    /api/v1/compose/defaults  --> github.com/shudl/shudl/internal/api.(*ComposeHandler).GetDefaultConfigurations-fm (5 handlers)
[GIN-debug] POST   /api/v1/compose/generate  --> github.com/shudl/shudl/internal/api.(*ComposeHandler).GenerateCompose-fm (5 handlers)
[GIN-debug] POST   /api/v1/compose/validate  --> github.com/shudl/shudl/internal/api.(*ComposeHandler).ValidateConfiguration-fm (5 handlers)
[GIN-debug] POST   /api/v1/compose/preview   --> github.com/shudl/shudl/internal/api.(*ComposeHandler).PreviewGeneration-fm (5 handlers)
[GIN-debug] GET    /api/v1/installer/config-schema --> github.com/shudl/shudl/internal/api.(*WebHandler).GetConfigSchema-fm (5 handlers)
[GIN-debug] POST   /api/v1/installer/validate-config --> github.com/shudl/shudl/internal/api.(*WebHandler).ValidateConfig-fm (5 handlers)
[90m22:53:19[0m [32mINF[0m [1mStarting HTTP server[0m [36maddress=[0m:8090 [36minstaller=[0mhttp://localhost:8090/ [36mswagger_ui=[0mhttp://localhost:8090/swagger/
[90m22:54:29[0m [32mINF[0m [1mShutting down server...[0m
[90m22:54:29[0m [32mINF[0m [1mServer gracefully stopped[0m
