[90m13:45:45[0m [32mINF[0m [1mStarting ShuDL Docker Installer[0m [36menvironment=[0mdevelopment [36mport=[0m8080 [36mversion=[0m1.0.0
[90m13:45:45[0m [32mINF[0m [1mValidating Docker installation[0m
[90m13:45:45[0m [32mINF[0m [1mValidating Docker installation[0m [36mcomponent=[0mdocker-service
[90m13:45:45[0m [32mINF[0m [1mDocker validation successful[0m [36moutput=[0m"Docker: Docker version 28.3.2, build 578ccf6\n\nDocker Compose: Docker Compose version v2.38.2\n"
[GIN-debug] [WARNING] Running in "debug" mode. Switch to "release" mode in production.
 - using env:	export GIN_MODE=release
 - using code:	gin.SetMode(gin.ReleaseMode)

[GIN-debug] GET    /static/*filepath         --> github.com/gin-gonic/gin.(*RouterGroup).createStaticHandler.func1 (5 handlers)
[GIN-debug] HEAD   /static/*filepath         --> github.com/gin-gonic/gin.(*RouterGroup).createStaticHandler.func1 (5 handlers)
[GIN-debug] GET    /                         --> github.com/shudl/shudl/internal/api.(*WebHandler).ServeInstaller-fm (5 handlers)
[GIN-debug] GET    /installer                --> github.com/shudl/shudl/internal/api.(*WebHandler).ServeInstaller-fm (5 handlers)
[GIN-debug] GET    /health                   --> github.com/shudl/shudl/internal/api.(*Handler).HealthCheck-fm (5 handlers)
[GIN-debug] GET    /swagger/*any             --> github.com/swaggo/gin-swagger.CustomWrapHandler.func1 (5 handlers)
[GIN-debug] GET    /api/v1/system/validate   --> github.com/shudl/shudl/internal/api.(*Handler).ValidateDockerInstallation-fm (5 handlers)
[GIN-debug] POST   /api/v1/docker/start      --> github.com/shudl/shudl/internal/api.(*Handler).StartServices-fm (5 handlers)
[GIN-debug] POST   /api/v1/docker/stop       --> github.com/shudl/shudl/internal/api.(*Handler).StopServices-fm (5 handlers)
[GIN-debug] POST   /api/v1/docker/restart    --> github.com/shudl/shudl/internal/api.(*Handler).RestartServices-fm (5 handlers)
[GIN-debug] POST   /api/v1/docker/cleanup    --> github.com/shudl/shudl/internal/api.(*Handler).CleanupServices-fm (5 handlers)
[GIN-debug] GET    /api/v1/docker/status     --> github.com/shudl/shudl/internal/api.(*Handler).GetServicesStatus-fm (5 handlers)
[GIN-debug] GET    /api/v1/compose/services  --> github.com/shudl/shudl/internal/api.(*ComposeHandler).GetAvailableServices-fm (5 handlers)
[GIN-debug] GET    /api/v1/compose/defaults  --> github.com/shudl/shudl/internal/api.(*ComposeHandler).GetDefaultConfigurations-fm (5 handlers)
[GIN-debug] POST   /api/v1/compose/generate  --> github.com/shudl/shudl/internal/api.(*ComposeHandler).GenerateCompose-fm (5 handlers)
[GIN-debug] POST   /api/v1/compose/validate  --> github.com/shudl/shudl/internal/api.(*ComposeHandler).ValidateConfiguration-fm (5 handlers)
[GIN-debug] POST   /api/v1/compose/preview   --> github.com/shudl/shudl/internal/api.(*ComposeHandler).PreviewGeneration-fm (5 handlers)
[GIN-debug] GET    /api/v1/installer/config-schema --> github.com/shudl/shudl/internal/api.(*WebHandler).GetConfigSchema-fm (5 handlers)
[GIN-debug] POST   /api/v1/installer/validate-config --> github.com/shudl/shudl/internal/api.(*WebHandler).ValidateConfig-fm (5 handlers)
[90m13:45:45[0m [32mINF[0m [1mStarting HTTP server[0m [36maddress=[0m:8080 [36minstaller=[0mhttp://localhost:8080/ [36mswagger_ui=[0mhttp://localhost:8080/swagger/


[31m2025/07/25 13:45:50 [Recovery] 2025/07/25 - 13:45:50 panic recovered:
GET /health HTTP/1.1
Host: localhost:8080
Accept: */*
User-Agent: curl/8.5.0


interface conversion: interface {} is nil, not int64
/usr/local/go/src/runtime/iface.go:275 (0x25827)
	panicdottypeE: panic(&TypeAssertionError{iface, have, want, ""})
/home/ubuntu/shudl/internal/api/handlers.go:350 (0x88923b)
/home/ubuntu/go/pkg/mod/github.com/gin-gonic/gin@v1.10.1/context.go:185 (0x77c24b)
	(*Context).Next: c.handlers[c.index](c)
/home/ubuntu/shudl/internal/api/router.go:166 (0x88cd5b)
/home/ubuntu/go/pkg/mod/github.com/gin-gonic/gin@v1.10.1/context.go:185 (0x7883d7)
	(*Context).Next: c.handlers[c.index](c)
/home/ubuntu/go/pkg/mod/github.com/gin-gonic/gin@v1.10.1/recovery.go:102 (0x7883bc)
	CustomRecoveryWithWriter.func1: c.Next()
/home/ubuntu/go/pkg/mod/github.com/gin-gonic/gin@v1.10.1/context.go:185 (0x77c24b)
	(*Context).Next: c.handlers[c.index](c)
/home/ubuntu/shudl/internal/api/router.go:133 (0x8895f7)
/home/ubuntu/go/pkg/mod/github.com/gin-gonic/gin@v1.10.1/context.go:185 (0x787303)
	(*Context).Next: c.handlers[c.index](c)
/home/ubuntu/go/pkg/mod/github.com/gin-gonic/gin@v1.10.1/gin.go:644 (0x786e8c)
	(*Engine).handleHTTPRequest: c.Next()
/home/ubuntu/go/pkg/mod/github.com/gin-gonic/gin@v1.10.1/gin.go:600 (0x786acf)
	(*Engine).ServeHTTP: engine.handleHTTPRequest(c)
/usr/local/go/src/net/http/server.go:3301 (0x2b7f0b)
	serverHandler.ServeHTTP: handler.ServeHTTP(rw, req)
/usr/local/go/src/net/http/server.go:2102 (0x2a96eb)
	(*conn).serve: serverHandler{c.server}.ServeHTTP(w, w.req)
/usr/local/go/src/runtime/asm_arm64.s:1223 (0x8cc23)
	goexit: MOVD	R0, R0	// NOP
[0m
[90m13:45:50[0m [32mINF[0m [1mHTTP request completed[0m [36mclient_ip=[0m127.0.0.1 [36mlatency=[0m [36mmethod=[0mGET [36mpath=[0m/health [36mstatus_code=[0m500 [36muser_agent=[0mcurl/8.5.0
[90m13:46:00[0m [32mINF[0m [1mShutting down server...[0m
[90m13:46:00[0m [32mINF[0m [1mServer gracefully stopped[0m
